<?xml version="1.0" encoding="UTF-8"?>
<testsuite name="RE08_Group3_A2.OwnerReportTest" tests="1" skipped="0" failures="0" errors="0" timestamp="2022-11-03T11:40:13" hostname="CHARLOTTE559" time="0.007">
  <properties/>
  <testcase name="reportTest()" classname="RE08_Group3_A2.OwnerReportTest" time="0.007"/>
  <system-out><![CDATA[We had to make a new file.
We had to make a new file.
]]></system-out>
  <system-err><![CDATA[]]></system-err>
</testsuite>
