<?xml version="1.0" encoding="UTF-8"?>
<testsuite name="RE08_Group3_A2.TransactionTest" tests="3" skipped="0" failures="0" errors="0" timestamp="2022-11-03T11:40:13" hostname="CHARLOTTE559" time="0.002">
  <properties/>
  <testcase name="CardInstanceTest()" classname="RE08_Group3_A2.TransactionTest" time="0.001"/>
  <testcase name="TransactionInstanceTest()" classname="RE08_Group3_A2.TransactionTest" time="0.0"/>
  <testcase name="MoneyInstanceTest()" classname="RE08_Group3_A2.TransactionTest" time="0.001"/>
  <system-out><![CDATA[]]></system-out>
  <system-err><![CDATA[]]></system-err>
</testsuite>
