<?xml version="1.0" encoding="UTF-8"?>
<testsuite name="RE08_Group3_A2.ProductAmountTest" tests="1" skipped="0" failures="0" errors="0" timestamp="2022-11-03T11:40:13" hostname="CHARLOTTE559" time="0.0">
  <properties/>
  <testcase name="calculateTP()" classname="RE08_Group3_A2.ProductAmountTest" time="0.0"/>
  <system-out><![CDATA[]]></system-out>
  <system-err><![CDATA[]]></system-err>
</testsuite>
