<?xml version="1.0" encoding="UTF-8"?>
<testsuite name="RE08_Group3_A2.UserTest" tests="5" skipped="0" failures="0" errors="0" timestamp="2022-11-03T11:40:13" hostname="CHARLOTTE559" time="0.005">
  <properties/>
  <testcase name="createCashierTest()" classname="RE08_Group3_A2.UserTest" time="0.001"/>
  <testcase name="createOwnerTest()" classname="RE08_Group3_A2.UserTest" time="0.0"/>
  <testcase name="createCustomerTest()" classname="RE08_Group3_A2.UserTest" time="0.002"/>
  <testcase name="userCommonTest()" classname="RE08_Group3_A2.UserTest" time="0.001"/>
  <testcase name="createSellerTest()" classname="RE08_Group3_A2.UserTest" time="0.0"/>
  <system-out><![CDATA[]]></system-out>
  <system-err><![CDATA[]]></system-err>
</testsuite>
