<?xml version="1.0" encoding="UTF-8"?>
<testsuite name="RE08_Group3_A2.SaveTransactionTest" tests="2" skipped="0" failures="0" errors="0" timestamp="2022-11-03T11:40:13" hostname="CHARLOTTE559" time="0.001">
  <properties/>
  <testcase name="savePainProductTest()" classname="RE08_Group3_A2.SaveTransactionTest" time="0.0"/>
  <testcase name="saveTransactionTest()" classname="RE08_Group3_A2.SaveTransactionTest" time="0.001"/>
  <system-out><![CDATA[]]></system-out>
  <system-err><![CDATA[]]></system-err>
</testsuite>
