<?xml version="1.0" encoding="UTF-8"?>
<testsuite name="RE08_Group3_A2.CashierTest" tests="2" skipped="0" failures="0" errors="0" timestamp="2022-11-03T11:40:13" hostname="CHARLOTTE559" time="0.008">
  <properties/>
  <testcase name="CashierInstanceTest()" classname="RE08_Group3_A2.CashierTest" time="0.002"/>
  <testcase name="getReportTest()" classname="RE08_Group3_A2.CashierTest" time="0.005"/>
  <system-out><![CDATA[]]></system-out>
  <system-err><![CDATA[]]></system-err>
</testsuite>
